<?xml version="1.0" encoding="UTF-8"?>
<!-- Generated by org.testng.reporters.JUnitReportReporter -->
<testsuite hostname="DESKTOP-8ETCIKP" failures="0" tests="3" name="com.CrossBrowserTesting.CrossBrowserTestingDemo" time="51.162" errors="0" timestamp="2023-12-25T17:23:50 IST" skipped="0">
  <testcase classname="com.CrossBrowserTesting.CrossBrowserTestingDemo" name="verifyTitle" time="12.261"/>
  <system-out/>
  <testcase classname="com.CrossBrowserTesting.CrossBrowserTestingDemo" name="verifyTitle" time="12.549"/>
  <system-out/>
  <testcase classname="com.CrossBrowserTesting.CrossBrowserTestingDemo" name="verifyTitle" time="26.352"/>
  <system-out/>
</testsuite> <!-- com.CrossBrowserTesting.CrossBrowserTestingDemo -->
