<?xml version="1.0" encoding="UTF-8"?>
<!-- Generated by org.testng.reporters.JUnitReportReporter -->
<testsuite hostname="DESKTOP-8ETCIKP" failures="0" tests="1" name="com.TestNG.TestNG.TestNGWizardDemo" time="12.822" errors="0" timestamp="2023-12-22T18:37:06 IST" skipped="0">
  <testcase classname="com.TestNG.TestNG.TestNGWizardDemo" name="loginpage" time="12.822"/>
  <system-out/>
</testsuite> <!-- com.TestNG.TestNG.TestNGWizardDemo -->
