<?xml version="1.0" encoding="UTF-8"?>
<!-- Generated by org.testng.reporters.JUnitReportReporter -->
<testsuite hostname="DESKTOP-8ETCIKP" failures="0" tests="1" name="com.TestNG.TestNG.TestNGDemo" time="17.939" errors="0" timestamp="2023-12-22T18:31:11 IST" skipped="0">
  <testcase classname="com.TestNG.TestNG.TestNGDemo" name="verifyPageTitle" time="17.939"/>
  <system-out/>
</testsuite> <!-- com.TestNG.TestNG.TestNGDemo -->
